<?xml version="1.0" encoding="UTF-8"?>
<!-- Generated by org.testng.reporters.JUnitReportReporter -->
<testsuite hostname="DESKTOP-MKNL9V6" name="Flipkart.util.Login" tests="2" failures="0" timestamp="4 Apr 2018 06:02:22 GMT" time="25.061" errors="0">
  <testcase name="login" time="12.858" classname="Flipkart.util.Login"/>
  <testcase name="openBrowser" time="12.203" classname="Flipkart.util.Login"/>
</testsuite> <!-- Flipkart.util.Login -->
